<?xml version="1.0" encoding="UTF-8"?>
<TestSessionContainer xmlns="http://www.codecover.org/xml/testsession-container" Date="1259857415792" TestSessionContainerId="2f5e3ddd-ee22-4419-8c80-80faa1e32e70" version="1.0">
<SrcFileList>
<SrcFile Content="package py4j;&#10;&#10;public class ReturnObject {&#10;&#10;&#9;private String name;&#10;&#9;private boolean isMap;&#10;&#9;private boolean isList;&#10;&#9;private boolean isNull;&#10;&#9;private int size;&#10;&#10;&#9;public ReturnObject() {&#10;&#9;&#9;isNull = true;&#10;&#9;}&#10;&#10;&#9;public ReturnObject(String name) {&#10;&#9;&#9;this.name = name;&#10;&#9;}&#10;&#10;&#9;public ReturnObject(String name, boolean isMap, boolean isList, int size) {&#10;&#9;&#9;super();&#10;&#9;&#9;this.name = name;&#10;&#9;&#9;this.isMap = isMap;&#10;&#9;&#9;this.isList = isList;&#10;&#9;&#9;this.size = size;&#10;&#9;}&#10;&#10;&#9;public String getName() {&#10;&#9;&#9;return name;&#10;&#9;}&#10;&#10;&#9;public void setName(String name) {&#10;&#9;&#9;this.name = name;&#10;&#9;}&#10;&#10;&#9;public boolean isMap() {&#10;&#9;&#9;return isMap;&#10;&#9;}&#10;&#10;&#9;public void setMap(boolean isMap) {&#10;&#9;&#9;this.isMap = isMap;&#10;&#9;}&#10;&#10;&#9;public boolean isList() {&#10;&#9;&#9;return isList;&#10;&#9;}&#10;&#10;&#9;public void setList(boolean isList) {&#10;&#9;&#9;this.isList = isList;&#10;&#9;}&#10;&#10;&#9;public int getSize() {&#10;&#9;&#9;return size;&#10;&#9;}&#10;&#10;&#9;public void setSize(int size) {&#10;&#9;&#9;this.size = size;&#10;&#9;}&#10;&#10;&#9;public boolean isNull() {&#10;&#9;&#9;return isNull;&#10;&#9;}&#10;&#10;&#9;public void setNull(boolean isNull) {&#10;&#9;&#9;this.isNull = isNull;&#10;&#9;}&#10;&#10;}&#10;" Filename="ReturnObject.java" Intrnl_Id="1"/>
<SrcFile Content="/**&#10; * Copyright (c) 2009, Barthelemy Dagenais All rights reserved.&#10; * &#10; * Redistribution and use in source and binary forms, with or without&#10; * modification, are permitted provided that the following conditions are met:&#10; * &#10; * - Redistributions of source code must retain the above copyright notice, this&#10; * list of conditions and the following disclaimer.&#10; * &#10; * - Redistributions in binary form must reproduce the above copyright notice,&#10; * this list of conditions and the following disclaimer in the documentation&#10; * and/or other materials provided with the distribution.&#10; * &#10; * - The name of the author may not be used to endorse or promote products&#10; * derived from this software without specific prior written permission.&#10; * &#10; * THIS SOFTWARE IS PROVIDED BY THE COPYRIGHT HOLDERS AND CONTRIBUTORS &quot;AS IS&quot;&#10; * AND ANY EXPRESS OR IMPLIED WARRANTIES, INCLUDING, BUT NOT LIMITED TO, THE&#10; * IMPLIED WARRANTIES OF MERCHANTABILITY AND FITNESS FOR A PARTICULAR PURPOSE&#10; * ARE DISCLAIMED. IN NO EVENT SHALL THE COPYRIGHT HOLDER OR CONTRIBUTORS BE&#10; * LIABLE FOR ANY DIRECT, INDIRECT, INCIDENTAL, SPECIAL, EXEMPLARY, OR&#10; * CONSEQUENTIAL DAMAGES (INCLUDING, BUT NOT LIMITED TO, PROCUREMENT OF&#10; * SUBSTITUTE GOODS OR SERVICES; LOSS OF USE, DATA, OR PROFITS; OR BUSINESS&#10; * INTERRUPTION) HOWEVER CAUSED AND ON ANY THEORY OF LIABILITY, WHETHER IN&#10; * CONTRACT, STRICT LIABILITY, OR TORT (INCLUDING NEGLIGENCE OR OTHERWISE)&#10; * ARISING IN ANY WAY OUT OF THE USE OF THIS SOFTWARE, EVEN IF ADVISED OF THE&#10; * POSSIBILITY OF SUCH DAMAGE.&#10; */&#10;&#10;package py4j;&#10;&#10;public class Py4JException extends RuntimeException {&#10;&#10;&#9;private static final long serialVersionUID = -2457373060192300387L;&#10;&#10;&#9;public Py4JException() {&#10;&#9;}&#10;&#10;&#9;public Py4JException(String arg0) {&#10;&#9;&#9;super(arg0);&#10;&#9;}&#10;&#10;&#9;public Py4JException(Throwable arg0) {&#10;&#9;&#9;super(arg0);&#10;&#9;}&#10;&#10;&#9;public Py4JException(String arg0, Throwable arg1) {&#10;&#9;&#9;super(arg0, arg1);&#10;&#9;}&#10;&#10;}&#10;" Filename="Py4JException.java" Intrnl_Id="2"/>
<SrcFile Content="/**&#10; * Copyright (c) 2009, Barthelemy Dagenais All rights reserved.&#10; * &#10; * Redistribution and use in source and binary forms, with or without&#10; * modification, are permitted provided that the following conditions are met:&#10; * &#10; * - Redistributions of source code must retain the above copyright notice, this&#10; * list of conditions and the following disclaimer.&#10; * &#10; * - Redistributions in binary form must reproduce the above copyright notice,&#10; * this list of conditions and the following disclaimer in the documentation&#10; * and/or other materials provided with the distribution.&#10; * &#10; * - The name of the author may not be used to endorse or promote products&#10; * derived from this software without specific prior written permission.&#10; * &#10; * THIS SOFTWARE IS PROVIDED BY THE COPYRIGHT HOLDERS AND CONTRIBUTORS &quot;AS IS&quot;&#10; * AND ANY EXPRESS OR IMPLIED WARRANTIES, INCLUDING, BUT NOT LIMITED TO, THE&#10; * IMPLIED WARRANTIES OF MERCHANTABILITY AND FITNESS FOR A PARTICULAR PURPOSE&#10; * ARE DISCLAIMED. IN NO EVENT SHALL THE COPYRIGHT HOLDER OR CONTRIBUTORS BE&#10; * LIABLE FOR ANY DIRECT, INDIRECT, INCIDENTAL, SPECIAL, EXEMPLARY, OR&#10; * CONSEQUENTIAL DAMAGES (INCLUDING, BUT NOT LIMITED TO, PROCUREMENT OF&#10; * SUBSTITUTE GOODS OR SERVICES; LOSS OF USE, DATA, OR PROFITS; OR BUSINESS&#10; * INTERRUPTION) HOWEVER CAUSED AND ON ANY THEORY OF LIABILITY, WHETHER IN&#10; * CONTRACT, STRICT LIABILITY, OR TORT (INCLUDING NEGLIGENCE OR OTHERWISE)&#10; * ARISING IN ANY WAY OUT OF THE USE OF THIS SOFTWARE, EVEN IF ADVISED OF THE&#10; * POSSIBILITY OF SUCH DAMAGE.&#10; */&#10;&#10;package py4j;&#10;&#10;import java.util.List;&#10;&#10;public interface JavaGateway {&#10;&#10;&#9;public List&lt;String&gt; getMethodNames(Object obj);&#10;&#9;&#10;&#9;public String getMethodNamesAsString(Object obj);&#10;&#9;&#10;&#9;public void startup();&#10;&#9;&#10;&#9;public void shutdown();&#10;&#9;&#10;&#9;public Object getObject(String objectId);&#10;&#9;&#10;}&#10;" Filename="JavaGateway.java" Intrnl_Id="3"/>
<SrcFile Content="/**&#10; * Copyright (c) 2009, Barthelemy Dagenais All rights reserved.&#10; * &#10; * Redistribution and use in source and binary forms, with or without&#10; * modification, are permitted provided that the following conditions are met:&#10; * &#10; * - Redistributions of source code must retain the above copyright notice, this&#10; * list of conditions and the following disclaimer.&#10; * &#10; * - Redistributions in binary form must reproduce the above copyright notice,&#10; * this list of conditions and the following disclaimer in the documentation&#10; * and/or other materials provided with the distribution.&#10; * &#10; * - The name of the author may not be used to endorse or promote products&#10; * derived from this software without specific prior written permission.&#10; * &#10; * THIS SOFTWARE IS PROVIDED BY THE COPYRIGHT HOLDERS AND CONTRIBUTORS &quot;AS IS&quot;&#10; * AND ANY EXPRESS OR IMPLIED WARRANTIES, INCLUDING, BUT NOT LIMITED TO, THE&#10; * IMPLIED WARRANTIES OF MERCHANTABILITY AND FITNESS FOR A PARTICULAR PURPOSE&#10; * ARE DISCLAIMED. IN NO EVENT SHALL THE COPYRIGHT HOLDER OR CONTRIBUTORS BE&#10; * LIABLE FOR ANY DIRECT, INDIRECT, INCIDENTAL, SPECIAL, EXEMPLARY, OR&#10; * CONSEQUENTIAL DAMAGES (INCLUDING, BUT NOT LIMITED TO, PROCUREMENT OF&#10; * SUBSTITUTE GOODS OR SERVICES; LOSS OF USE, DATA, OR PROFITS; OR BUSINESS&#10; * INTERRUPTION) HOWEVER CAUSED AND ON ANY THEORY OF LIABILITY, WHETHER IN&#10; * CONTRACT, STRICT LIABILITY, OR TORT (INCLUDING NEGLIGENCE OR OTHERWISE)&#10; * ARISING IN ANY WAY OUT OF THE USE OF THIS SOFTWARE, EVEN IF ADVISED OF THE&#10; * POSSIBILITY OF SUCH DAMAGE.&#10; */&#10;&#10;package py4j;&#10;&#10;import java.lang.reflect.Method;&#10;import java.util.ArrayList;&#10;import java.util.HashSet;&#10;import java.util.List;&#10;import java.util.Set;&#10;&#10;import javax.script.Bindings;&#10;import javax.script.ScriptContext;&#10;import javax.script.ScriptEngine;&#10;import javax.script.ScriptEngineManager;&#10;&#10;/**&#10; * &#10; * &lt;p&gt;&#10; * Provides default implementation of a JavaGateway.&#10; * &lt;/p&gt;&#10; * &#10; * &lt;p&gt;&#10; * This class is &lt;b&gt;not&lt;/b&gt; thread-safe.&#10; * &lt;/p&gt;&#10; * &#10; * @author Barthelemy Dagenais&#10; * &#10; */&#10;public class DefaultJavaGateway implements JavaGateway {&#10;&#10;&#9;private ScriptEngineManager mgr = new ScriptEngineManager();&#10;&#9;private ScriptEngine jsEngine = mgr.getEngineByName(&quot;JavaScript&quot;);&#10;&#9;private Bindings bindings = jsEngine&#10;&#9;&#9;&#9;.getBindings(ScriptContext.ENGINE_SCOPE);&#10;&#9;private int idCounter = 0;&#10;&#9;private boolean isStarted = false;&#10;&#9;private final static String OBJECT_NAME_PREFIX = &quot;o&quot;;&#10;&#10;&#9; private final static String ARG_NAME_PREFIX = &quot;a&quot;;&#10;&#10;&#9;@SuppressWarnings(&quot;unchecked&quot;)&#10;&#9;@Override&#10;&#9;public List&lt;String&gt; getMethodNames(Object obj) {&#10;&#9;&#9;Class clazz = obj.getClass();&#10;&#9;&#9;Method[] methods = clazz.getMethods();&#10;&#9;&#9;Set&lt;String&gt; methodNames = new HashSet&lt;String&gt;();&#10;&#9;&#9;for (Method method : methods) {&#10;&#9;&#9;&#9;methodNames.add(method.getName());&#10;&#9;&#9;}&#10;&#10;&#9;&#9;return new ArrayList&lt;String&gt;(methodNames);&#10;&#9;}&#10;&#10;&#9;@Override&#10;&#9;public String getMethodNamesAsString(Object obj) {&#10;&#9;&#9;List&lt;String&gt; methodNames = getMethodNames(obj);&#10;&#9;&#9;StringBuilder buffer = new StringBuilder();&#10;&#9;&#9;for (String methodName : methodNames) {&#10;&#9;&#9;&#9;buffer.append(methodName);&#10;&#9;&#9;&#9;buffer.append(&quot;,&quot;);&#10;&#9;&#9;}&#10;&#9;&#9;return buffer.toString();&#10;&#9;}&#10;&#10;&#9;@Override&#10;&#9;public void shutdown() {&#10;&#9;&#9;isStarted = false;&#10;&#9;&#9;bindings.clear();&#10;&#9;}&#10;&#10;&#9;@Override&#10;&#9;public void startup() {&#10;&#9;&#9;isStarted = true;&#10;&#9;}&#10;&#9;&#10;&#9;@Override&#10;&#9;public Object getObject(String objectId) {&#10;&#9;&#9;return bindings.get(objectId);&#10;&#9;}&#10;&#10;&#9;public boolean isStarted() {&#10;&#9;&#9;return isStarted;&#10;&#9;}&#10;&#10;&#9;public void setStarted(boolean isStarted) {&#10;&#9;&#9;this.isStarted = isStarted;&#10;&#9;}&#10;&#10;&#9;protected String getNextObjectId() {&#10;&#9;&#9;return OBJECT_NAME_PREFIX + idCounter++;&#10;&#9;}&#10;&#10;&#9;protected int getCurrentObjectId() {&#10;&#9;&#9;return idCounter;&#10;&#9;}&#10;&#10;&#9;protected String putNewObject(Object object) {&#10;&#9;&#9;String id = getNextObjectId();&#10;&#9;&#9;bindings.put(id, object);&#10;&#9;&#9;return id;&#10;&#9;}&#10;&#10;&#9;protected Bindings getBindings() {&#10;&#9;&#9;return bindings;&#10;&#9;}&#10;&#10;&#9;protected ReturnObject invoke(String methodName, String targetObjectId,&#10;&#9;&#9;&#9;List&lt;Argument&gt; args) {&#10;&#9;&#9;if (args == null) {&#10;&#9;&#9;&#9;args = new ArrayList&lt;Argument&gt;();&#10;&#9;&#9;}&#10;&#9;&#9;ReturnObject returnObject = new ReturnObject();&#10;&#9;&#9;List&lt;String&gt; tempArgsIds = new ArrayList&lt;String&gt;();&#10;&#9;&#9;try {&#10;&#9;&#9;&#9;StringBuilder methodCall = new StringBuilder();&#10;&#9;&#9;&#9;methodCall.append(targetObjectId);&#10;&#9;&#9;&#9;methodCall.append(&quot;.&quot;);&#10;&#9;&#9;&#9;methodCall.append(methodName);&#10;&#9;&#9;&#9;methodCall.append(buildArgs(args,tempArgsIds));&#10;&#9;&#9;&#9;methodCall.append(&quot;;&quot;);&#10;&#9;&#9;&#10;&#9;&#9;&#9;Object object = jsEngine.eval(methodCall.toString());&#10;&#9;&#9;&#9;if (object != null) {&#10;&#9;&#9;&#9;&#9;String objectId = putNewObject(object);&#10;&#9;&#9;&#9;&#9;// TODO Handle lists, maps, etc.&#10;&#9;&#9;&#9;&#9;returnObject = new ReturnObject(objectId);&#10;&#9;&#9;&#9;}&#10;&#9;&#9;} catch (Exception e) {&#10;&#9;&#9;&#9;throw new Py4JException(e);&#10;&#9;&#9;} finally {&#10;&#9;&#9;&#9;cleanTempArgs(tempArgsIds);&#10;&#9;&#9;}&#10;&#10;&#9;&#9;return returnObject;&#10;&#9;}&#10;&#10;&#9;private void cleanTempArgs(List&lt;String&gt; tempArgsIds) {&#10;&#9;&#9;for (String argId : tempArgsIds) {&#10;&#9;&#9;&#9;bindings.remove(argId);&#10;&#9;&#9;}&#10;&#9;}&#10;&#9;&#10;&#9;private String buildArgs(List&lt;Argument&gt; args, List&lt;String&gt; tempArgsIds) {&#10;&#9;&#9;StringBuilder argsString = new StringBuilder();&#10;&#9;&#9;argsString.append('(');&#10;&#9;&#9;int i = 0;&#10;&#9;&#9;for (Argument arg : args) {&#10;&#9;&#9;&#9;if (i != 0) {&#10;&#9;&#9;&#9;&#9;argsString.append(',');&#10;&#9;&#9;&#9;}&#10;&#9;&#9;&#9;&#10;&#9;&#9;&#9;String argumentRef = arg.getValue().toString();&#10;&#9;&#9;&#9;if (!arg.isReference()) {&#10;&#9;&#9;&#9;&#9;String tempArgId = ARG_NAME_PREFIX + i;&#10;&#9;&#9;&#9;&#9;bindings.put(tempArgId, arg.getValue());&#10;&#9;&#9;&#9;&#9;tempArgsIds.add(tempArgId);&#10;&#9;&#9;&#9;&#9;argumentRef = tempArgId;&#10;&#9;&#9;&#9;}&#10;&#9;&#9;&#9;&#10;&#9;&#9;&#9;argsString.append(argumentRef);&#10;&#9;&#9;&#9;++i;&#10;&#9;&#9;}&#10;&#9;&#9;argsString.append(')');&#10;&#9;&#9;return argsString.toString();&#10;&#9;}&#10;&#10;}&#10;" Filename="DefaultJavaGateway.java" Intrnl_Id="4"/>
<SrcFile Content="package py4j;&#10;&#10;public class Argument {&#10;&#10;&#9;private Object value;&#10;&#9;private boolean isReference;&#10;&#9;&#10;&#9;public Argument() {&#10;&#9;}&#10;&#9;&#10;&#9;public Argument(Object value, boolean isReference) {&#10;&#9;&#9;super();&#10;&#9;&#9;this.value = value;&#10;&#9;&#9;this.isReference = isReference;&#10;&#9;}&#10;&#10;&#9;public Object getValue() {&#10;&#9;&#9;return value;&#10;&#9;}&#10;&#10;&#9;public void setValue(Object value) {&#10;&#9;&#9;this.value = value;&#10;&#9;}&#10;&#10;&#9;public boolean isReference() {&#10;&#9;&#9;return isReference;&#10;&#9;}&#10;&#10;&#9;public void setReference(boolean isReference) {&#10;&#9;&#9;this.isReference = isReference;&#10;&#9;}&#10;&#9;&#10;&#9;&#10;&#9;&#10;}&#10;" Filename="Argument.java" Intrnl_Id="5"/>
<SrcFile Content="/**&#10; * Copyright (c) 2009, Barthelemy Dagenais All rights reserved.&#10; * &#10; * Redistribution and use in source and binary forms, with or without&#10; * modification, are permitted provided that the following conditions are met:&#10; * &#10; * - Redistributions of source code must retain the above copyright notice, this&#10; * list of conditions and the following disclaimer.&#10; * &#10; * - Redistributions in binary form must reproduce the above copyright notice,&#10; * this list of conditions and the following disclaimer in the documentation&#10; * and/or other materials provided with the distribution.&#10; * &#10; * - The name of the author may not be used to endorse or promote products&#10; * derived from this software without specific prior written permission.&#10; * &#10; * THIS SOFTWARE IS PROVIDED BY THE COPYRIGHT HOLDERS AND CONTRIBUTORS &quot;AS IS&quot;&#10; * AND ANY EXPRESS OR IMPLIED WARRANTIES, INCLUDING, BUT NOT LIMITED TO, THE&#10; * IMPLIED WARRANTIES OF MERCHANTABILITY AND FITNESS FOR A PARTICULAR PURPOSE&#10; * ARE DISCLAIMED. IN NO EVENT SHALL THE COPYRIGHT HOLDER OR CONTRIBUTORS BE&#10; * LIABLE FOR ANY DIRECT, INDIRECT, INCIDENTAL, SPECIAL, EXEMPLARY, OR&#10; * CONSEQUENTIAL DAMAGES (INCLUDING, BUT NOT LIMITED TO, PROCUREMENT OF&#10; * SUBSTITUTE GOODS OR SERVICES; LOSS OF USE, DATA, OR PROFITS; OR BUSINESS&#10; * INTERRUPTION) HOWEVER CAUSED AND ON ANY THEORY OF LIABILITY, WHETHER IN&#10; * CONTRACT, STRICT LIABILITY, OR TORT (INCLUDING NEGLIGENCE OR OTHERWISE)&#10; * ARISING IN ANY WAY OUT OF THE USE OF THIS SOFTWARE, EVEN IF ADVISED OF THE&#10; * POSSIBILITY OF SUCH DAMAGE.&#10; */&#10;&#10;package py4j;&#10;&#10;import javax.script.ScriptEngine;&#10;import javax.script.ScriptEngineFactory;&#10;import javax.script.ScriptEngineManager;&#10;import javax.script.ScriptException;&#10;&#10;public class Application {&#10;&#10;&#9;/**&#10;&#9; * @param args&#10;&#9; */&#10;&#9;public static void main(String[] args) {&#10;&#9;&#9;ScriptEngineManager mgr = new ScriptEngineManager();&#10;&#9;&#9;ScriptEngine jsEngine = mgr.getEngineByName(&quot;JavaScript&quot;);&#10;&#9;&#9;try {&#10;&#9;&#9;&#9;jsEngine.eval(&quot;print('Hello, world!')&quot;);&#10;&#9;&#9;} catch (ScriptException ex) {&#10;&#9;&#9;&#9;ex.printStackTrace();&#10;&#9;&#9;}&#10;&#10;&#9;&#9;for (ScriptEngineFactory sef : mgr.getEngineFactories()) {&#10;&#9;&#9;&#9;System.out.println(sef.getEngineName());&#10;&#9;&#9;}&#10;&#9;}&#10;&#10;}&#10;" Filename="Application.java" Intrnl_Id="6"/>
</SrcFileList>
<CritList>
<CritListEntry Name="org.codecover.model.utils.criteria.BranchCoverage" PluginName="org.codecover"/>
<CritListEntry Name="org.codecover.model.utils.criteria.StatementCoverage" PluginName="org.codecover"/>
</CritList>
<BoolOpList/>
<HierarchyLvlTypeList>
<HierarchyLvlType EnglishName="package" IntrnlName="package" Intrnl_Id="7"/>
<HierarchyLvlType EnglishName="class" IntrnlName="class" Intrnl_Id="8"/>
<HierarchyLvlType EnglishName="method" IntrnlName="method" Intrnl_Id="9"/>
<HierarchyLvlType EnglishName="default package" IntrnlName="default package" Intrnl_Id="10"/>
<HierarchyLvlType EnglishName="interface" IntrnlName="interface" Intrnl_Id="11"/>
</HierarchyLvlTypeList>
<MASTRoot>
<HierarchyLvl HierarchyLvlId="52" HierarchyLvlTypeId="10" Intrnl_Id="12" Name="default package">
<Header/>
<LocList/>
<HierarchyLvl HierarchyLvlId="51" HierarchyLvlTypeId="7" Intrnl_Id="13" Name="py4j">
<Header/>
<LocList/>
<HierarchyLvl HierarchyLvlId="15" HierarchyLvlTypeId="8" Intrnl_Id="14" Name="ReturnObject">
<Header>
<Loc EndOffset="40" SrcFileId="1" StartOffset="15"/>
</Header>
<LocList>
<Loc EndOffset="990" SrcFileId="1" StartOffset="15"/>
</LocList>
<HierarchyLvl HierarchyLvlId="2" HierarchyLvlTypeId="9" Intrnl_Id="15" Name="ReturnObject">
<Header>
<Loc EndOffset="182" SrcFileId="1" StartOffset="161"/>
</Header>
<LocList>
<Loc EndOffset="204" SrcFileId="1" StartOffset="161"/>
</LocList>
<StmntSeq Intrnl_Id="16">
<LocList>
<Loc EndOffset="201" SrcFileId="1" StartOffset="187"/>
</LocList>
<BasicStmnt CovItemId="S1" CovItemPrefix="py4j.ReturnObject.java" Intrnl_Id="17">
<LocList>
<Loc EndOffset="201" SrcFileId="1" StartOffset="187"/>
</LocList>
</BasicStmnt>
</StmntSeq>
</HierarchyLvl>
<HierarchyLvl HierarchyLvlId="3" HierarchyLvlTypeId="9" Intrnl_Id="18" Name="ReturnObject">
<Header>
<Loc EndOffset="239" SrcFileId="1" StartOffset="207"/>
</Header>
<LocList>
<Loc EndOffset="264" SrcFileId="1" StartOffset="207"/>
</LocList>
<StmntSeq Intrnl_Id="19">
<LocList>
<Loc EndOffset="261" SrcFileId="1" StartOffset="244"/>
</LocList>
<BasicStmnt CovItemId="S2" CovItemPrefix="py4j.ReturnObject.java" Intrnl_Id="20">
<LocList>
<Loc EndOffset="261" SrcFileId="1" StartOffset="244"/>
</LocList>
</BasicStmnt>
</StmntSeq>
</HierarchyLvl>
<HierarchyLvl HierarchyLvlId="4" HierarchyLvlTypeId="9" Intrnl_Id="21" Name="ReturnObject">
<Header>
<Loc EndOffset="340" SrcFileId="1" StartOffset="267"/>
</Header>
<LocList>
<Loc EndOffset="442" SrcFileId="1" StartOffset="267"/>
</LocList>
<StmntSeq Intrnl_Id="22">
<LocList>
<Loc EndOffset="353" SrcFileId="1" StartOffset="345"/>
<Loc EndOffset="373" SrcFileId="1" StartOffset="356"/>
<Loc EndOffset="395" SrcFileId="1" StartOffset="376"/>
<Loc EndOffset="419" SrcFileId="1" StartOffset="398"/>
<Loc EndOffset="439" SrcFileId="1" StartOffset="422"/>
</LocList>
<BasicStmnt CovItemId="S3" CovItemPrefix="py4j.ReturnObject.java" Intrnl_Id="23">
<LocList>
<Loc EndOffset="353" SrcFileId="1" StartOffset="345"/>
</LocList>
</BasicStmnt>
<BasicStmnt CovItemId="S4" CovItemPrefix="py4j.ReturnObject.java" Intrnl_Id="24">
<LocList>
<Loc EndOffset="373" SrcFileId="1" StartOffset="356"/>
</LocList>
</BasicStmnt>
<BasicStmnt CovItemId="S5" CovItemPrefix="py4j.ReturnObject.java" Intrnl_Id="25">
<LocList>
<Loc EndOffset="395" SrcFileId="1" StartOffset="376"/>
</LocList>
</BasicStmnt>
<BasicStmnt CovItemId="S6" CovItemPrefix="py4j.ReturnObject.java" Intrnl_Id="26">
<LocList>
<Loc EndOffset="419" SrcFileId="1" StartOffset="398"/>
</LocList>
</BasicStmnt>
<BasicStmnt CovItemId="S7" CovItemPrefix="py4j.ReturnObject.java" Intrnl_Id="27">
<LocList>
<Loc EndOffset="439" SrcFileId="1" StartOffset="422"/>
</LocList>
</BasicStmnt>
</StmntSeq>
</HierarchyLvl>
<HierarchyLvl HierarchyLvlId="5" HierarchyLvlTypeId="9" Intrnl_Id="28" Name="getName">
<Header>
<Loc EndOffset="468" SrcFileId="1" StartOffset="445"/>
</Header>
<LocList>
<Loc EndOffset="488" SrcFileId="1" StartOffset="445"/>
</LocList>
<StmntSeq Intrnl_Id="29">
<LocList>
<Loc EndOffset="485" SrcFileId="1" StartOffset="473"/>
</LocList>
<BasicStmnt CovItemId="S8" CovItemPrefix="py4j.ReturnObject.java" Intrnl_Id="30">
<LocList>
<Loc EndOffset="485" SrcFileId="1" StartOffset="473"/>
</LocList>
</BasicStmnt>
</StmntSeq>
</HierarchyLvl>
<HierarchyLvl HierarchyLvlId="6" HierarchyLvlTypeId="9" Intrnl_Id="31" Name="setName">
<Header>
<Loc EndOffset="523" SrcFileId="1" StartOffset="491"/>
</Header>
<LocList>
<Loc EndOffset="548" SrcFileId="1" StartOffset="491"/>
</LocList>
<StmntSeq Intrnl_Id="32">
<LocList>
<Loc EndOffset="545" SrcFileId="1" StartOffset="528"/>
</LocList>
<BasicStmnt CovItemId="S9" CovItemPrefix="py4j.ReturnObject.java" Intrnl_Id="33">
<LocList>
<Loc EndOffset="545" SrcFileId="1" StartOffset="528"/>
</LocList>
</BasicStmnt>
</StmntSeq>
</HierarchyLvl>
<HierarchyLvl HierarchyLvlId="7" HierarchyLvlTypeId="9" Intrnl_Id="34" Name="isMap">
<Header>
<Loc EndOffset="573" SrcFileId="1" StartOffset="551"/>
</Header>
<LocList>
<Loc EndOffset="594" SrcFileId="1" StartOffset="551"/>
</LocList>
<StmntSeq Intrnl_Id="35">
<LocList>
<Loc EndOffset="591" SrcFileId="1" StartOffset="578"/>
</LocList>
<BasicStmnt CovItemId="S10" CovItemPrefix="py4j.ReturnObject.java" Intrnl_Id="36">
<LocList>
<Loc EndOffset="591" SrcFileId="1" StartOffset="578"/>
</LocList>
</BasicStmnt>
</StmntSeq>
</HierarchyLvl>
<HierarchyLvl HierarchyLvlId="8" HierarchyLvlTypeId="9" Intrnl_Id="37" Name="setMap">
<Header>
<Loc EndOffset="630" SrcFileId="1" StartOffset="597"/>
</Header>
<LocList>
<Loc EndOffset="657" SrcFileId="1" StartOffset="597"/>
</LocList>
<StmntSeq Intrnl_Id="38">
<LocList>
<Loc EndOffset="654" SrcFileId="1" StartOffset="635"/>
</LocList>
<BasicStmnt CovItemId="S11" CovItemPrefix="py4j.ReturnObject.java" Intrnl_Id="39">
<LocList>
<Loc EndOffset="654" SrcFileId="1" StartOffset="635"/>
</LocList>
</BasicStmnt>
</StmntSeq>
</HierarchyLvl>
<HierarchyLvl HierarchyLvlId="9" HierarchyLvlTypeId="9" Intrnl_Id="40" Name="isList">
<Header>
<Loc EndOffset="683" SrcFileId="1" StartOffset="660"/>
</Header>
<LocList>
<Loc EndOffset="705" SrcFileId="1" StartOffset="660"/>
</LocList>
<StmntSeq Intrnl_Id="41">
<LocList>
<Loc EndOffset="702" SrcFileId="1" StartOffset="688"/>
</LocList>
<BasicStmnt CovItemId="S12" CovItemPrefix="py4j.ReturnObject.java" Intrnl_Id="42">
<LocList>
<Loc EndOffset="702" SrcFileId="1" StartOffset="688"/>
</LocList>
</BasicStmnt>
</StmntSeq>
</HierarchyLvl>
<HierarchyLvl HierarchyLvlId="10" HierarchyLvlTypeId="9" Intrnl_Id="43" Name="setList">
<Header>
<Loc EndOffset="743" SrcFileId="1" StartOffset="708"/>
</Header>
<LocList>
<Loc EndOffset="772" SrcFileId="1" StartOffset="708"/>
</LocList>
<StmntSeq Intrnl_Id="44">
<LocList>
<Loc EndOffset="769" SrcFileId="1" StartOffset="748"/>
</LocList>
<BasicStmnt CovItemId="S13" CovItemPrefix="py4j.ReturnObject.java" Intrnl_Id="45">
<LocList>
<Loc EndOffset="769" SrcFileId="1" StartOffset="748"/>
</LocList>
</BasicStmnt>
</StmntSeq>
</HierarchyLvl>
<HierarchyLvl HierarchyLvlId="11" HierarchyLvlTypeId="9" Intrnl_Id="46" Name="getSize">
<Header>
<Loc EndOffset="795" SrcFileId="1" StartOffset="775"/>
</Header>
<LocList>
<Loc EndOffset="815" SrcFileId="1" StartOffset="775"/>
</LocList>
<StmntSeq Intrnl_Id="47">
<LocList>
<Loc EndOffset="812" SrcFileId="1" StartOffset="800"/>
</LocList>
<BasicStmnt CovItemId="S14" CovItemPrefix="py4j.ReturnObject.java" Intrnl_Id="48">
<LocList>
<Loc EndOffset="812" SrcFileId="1" StartOffset="800"/>
</LocList>
</BasicStmnt>
</StmntSeq>
</HierarchyLvl>
<HierarchyLvl HierarchyLvlId="12" HierarchyLvlTypeId="9" Intrnl_Id="49" Name="setSize">
<Header>
<Loc EndOffset="847" SrcFileId="1" StartOffset="818"/>
</Header>
<LocList>
<Loc EndOffset="872" SrcFileId="1" StartOffset="818"/>
</LocList>
<StmntSeq Intrnl_Id="50">
<LocList>
<Loc EndOffset="869" SrcFileId="1" StartOffset="852"/>
</LocList>
<BasicStmnt CovItemId="S15" CovItemPrefix="py4j.ReturnObject.java" Intrnl_Id="51">
<LocList>
<Loc EndOffset="869" SrcFileId="1" StartOffset="852"/>
</LocList>
</BasicStmnt>
</StmntSeq>
</HierarchyLvl>
<HierarchyLvl HierarchyLvlId="13" HierarchyLvlTypeId="9" Intrnl_Id="52" Name="isNull">
<Header>
<Loc EndOffset="898" SrcFileId="1" StartOffset="875"/>
</Header>
<LocList>
<Loc EndOffset="920" SrcFileId="1" StartOffset="875"/>
</LocList>
<StmntSeq Intrnl_Id="53">
<LocList>
<Loc EndOffset="917" SrcFileId="1" StartOffset="903"/>
</LocList>
<BasicStmnt CovItemId="S16" CovItemPrefix="py4j.ReturnObject.java" Intrnl_Id="54">
<LocList>
<Loc EndOffset="917" SrcFileId="1" StartOffset="903"/>
</LocList>
</BasicStmnt>
</StmntSeq>
</HierarchyLvl>
<HierarchyLvl HierarchyLvlId="14" HierarchyLvlTypeId="9" Intrnl_Id="55" Name="setNull">
<Header>
<Loc EndOffset="958" SrcFileId="1" StartOffset="923"/>
</Header>
<LocList>
<Loc EndOffset="987" SrcFileId="1" StartOffset="923"/>
</LocList>
<StmntSeq Intrnl_Id="56">
<LocList>
<Loc EndOffset="984" SrcFileId="1" StartOffset="963"/>
</LocList>
<BasicStmnt CovItemId="S17" CovItemPrefix="py4j.ReturnObject.java" Intrnl_Id="57">
<LocList>
<Loc EndOffset="984" SrcFileId="1" StartOffset="963"/>
</LocList>
</BasicStmnt>
</StmntSeq>
</HierarchyLvl>
</HierarchyLvl>
<HierarchyLvl HierarchyLvlId="20" HierarchyLvlTypeId="8" Intrnl_Id="58" Name="Py4JException">
<Header>
<Loc EndOffset="1592" SrcFileId="2" StartOffset="1541"/>
</Header>
<LocList>
<Loc EndOffset="1890" SrcFileId="2" StartOffset="1541"/>
</LocList>
<StmntSeq Intrnl_Id="59">
<LocList>
<Loc EndOffset="1664" SrcFileId="2" StartOffset="1597"/>
</LocList>
<BasicStmnt CovItemId="S1" CovItemPrefix="py4j.Py4JException.java" Intrnl_Id="60">
<LocList>
<Loc EndOffset="1664" SrcFileId="2" StartOffset="1597"/>
</LocList>
</BasicStmnt>
</StmntSeq>
<HierarchyLvl HierarchyLvlId="16" HierarchyLvlTypeId="9" Intrnl_Id="61" Name="Py4JException">
<Header>
<Loc EndOffset="1689" SrcFileId="2" StartOffset="1667"/>
</Header>
<LocList>
<Loc EndOffset="1694" SrcFileId="2" StartOffset="1667"/>
</LocList>
</HierarchyLvl>
<HierarchyLvl HierarchyLvlId="17" HierarchyLvlTypeId="9" Intrnl_Id="62" Name="Py4JException">
<Header>
<Loc EndOffset="1730" SrcFileId="2" StartOffset="1697"/>
</Header>
<LocList>
<Loc EndOffset="1750" SrcFileId="2" StartOffset="1697"/>
</LocList>
<StmntSeq Intrnl_Id="63">
<LocList>
<Loc EndOffset="1747" SrcFileId="2" StartOffset="1735"/>
</LocList>
<BasicStmnt CovItemId="S2" CovItemPrefix="py4j.Py4JException.java" Intrnl_Id="64">
<LocList>
<Loc EndOffset="1747" SrcFileId="2" StartOffset="1735"/>
</LocList>
</BasicStmnt>
</StmntSeq>
</HierarchyLvl>
<HierarchyLvl HierarchyLvlId="18" HierarchyLvlTypeId="9" Intrnl_Id="65" Name="Py4JException">
<Header>
<Loc EndOffset="1789" SrcFileId="2" StartOffset="1753"/>
</Header>
<LocList>
<Loc EndOffset="1809" SrcFileId="2" StartOffset="1753"/>
</LocList>
<StmntSeq Intrnl_Id="66">
<LocList>
<Loc EndOffset="1806" SrcFileId="2" StartOffset="1794"/>
</LocList>
<BasicStmnt CovItemId="S3" CovItemPrefix="py4j.Py4JException.java" Intrnl_Id="67">
<LocList>
<Loc EndOffset="1806" SrcFileId="2" StartOffset="1794"/>
</LocList>
</BasicStmnt>
</StmntSeq>
</HierarchyLvl>
<HierarchyLvl HierarchyLvlId="19" HierarchyLvlTypeId="9" Intrnl_Id="68" Name="Py4JException">
<Header>
<Loc EndOffset="1861" SrcFileId="2" StartOffset="1812"/>
</Header>
<LocList>
<Loc EndOffset="1887" SrcFileId="2" StartOffset="1812"/>
</LocList>
<StmntSeq Intrnl_Id="69">
<LocList>
<Loc EndOffset="1884" SrcFileId="2" StartOffset="1866"/>
</LocList>
<BasicStmnt CovItemId="S4" CovItemPrefix="py4j.Py4JException.java" Intrnl_Id="70">
<LocList>
<Loc EndOffset="1884" SrcFileId="2" StartOffset="1866"/>
</LocList>
</BasicStmnt>
</StmntSeq>
</HierarchyLvl>
</HierarchyLvl>
<HierarchyLvl HierarchyLvlId="26" HierarchyLvlTypeId="11" Intrnl_Id="71" Name="JavaGateway">
<Header>
<Loc EndOffset="1593" SrcFileId="3" StartOffset="1565"/>
</Header>
<LocList>
<Loc EndOffset="1800" SrcFileId="3" StartOffset="1565"/>
</LocList>
<HierarchyLvl HierarchyLvlId="21" HierarchyLvlTypeId="9" Intrnl_Id="72" Name="getMethodNames">
<Header>
<Loc EndOffset="1644" SrcFileId="3" StartOffset="1598"/>
</Header>
<LocList>
<Loc EndOffset="1645" SrcFileId="3" StartOffset="1598"/>
</LocList>
</HierarchyLvl>
<HierarchyLvl HierarchyLvlId="22" HierarchyLvlTypeId="9" Intrnl_Id="73" Name="getMethodNamesAsString">
<Header>
<Loc EndOffset="1697" SrcFileId="3" StartOffset="1649"/>
</Header>
<LocList>
<Loc EndOffset="1698" SrcFileId="3" StartOffset="1649"/>
</LocList>
</HierarchyLvl>
<HierarchyLvl HierarchyLvlId="23" HierarchyLvlTypeId="9" Intrnl_Id="74" Name="startup">
<Header>
<Loc EndOffset="1723" SrcFileId="3" StartOffset="1702"/>
</Header>
<LocList>
<Loc EndOffset="1724" SrcFileId="3" StartOffset="1702"/>
</LocList>
</HierarchyLvl>
<HierarchyLvl HierarchyLvlId="24" HierarchyLvlTypeId="9" Intrnl_Id="75" Name="shutdown">
<Header>
<Loc EndOffset="1750" SrcFileId="3" StartOffset="1728"/>
</Header>
<LocList>
<Loc EndOffset="1751" SrcFileId="3" StartOffset="1728"/>
</LocList>
</HierarchyLvl>
<HierarchyLvl HierarchyLvlId="25" HierarchyLvlTypeId="9" Intrnl_Id="76" Name="getObject">
<Header>
<Loc EndOffset="1795" SrcFileId="3" StartOffset="1755"/>
</Header>
<LocList>
<Loc EndOffset="1796" SrcFileId="3" StartOffset="1755"/>
</LocList>
</HierarchyLvl>
</HierarchyLvl>
<HierarchyLvl HierarchyLvlId="41" HierarchyLvlTypeId="8" Intrnl_Id="77" Name="DefaultJavaGateway">
<Header>
<Loc EndOffset="2048" SrcFileId="4" StartOffset="1994"/>
</Header>
<LocList>
<Loc EndOffset="5352" SrcFileId="4" StartOffset="1994"/>
</LocList>
<StmntSeq Intrnl_Id="78">
<LocList>
<Loc EndOffset="2113" SrcFileId="4" StartOffset="2053"/>
<Loc EndOffset="2181" SrcFileId="4" StartOffset="2115"/>
<Loc EndOffset="2264" SrcFileId="4" StartOffset="2183"/>
<Loc EndOffset="2292" SrcFileId="4" StartOffset="2266"/>
<Loc EndOffset="2328" SrcFileId="4" StartOffset="2294"/>
<Loc EndOffset="2383" SrcFileId="4" StartOffset="2330"/>
<Loc EndOffset="2437" SrcFileId="4" StartOffset="2387"/>
</LocList>
<BasicStmnt CovItemId="S1" CovItemPrefix="py4j.DefaultJavaGateway.java" Intrnl_Id="79">
<LocList>
<Loc EndOffset="2113" SrcFileId="4" StartOffset="2053"/>
</LocList>
</BasicStmnt>
<BasicStmnt CovItemId="S2" CovItemPrefix="py4j.DefaultJavaGateway.java" Intrnl_Id="80">
<LocList>
<Loc EndOffset="2181" SrcFileId="4" StartOffset="2115"/>
</LocList>
</BasicStmnt>
<BasicStmnt CovItemId="S3" CovItemPrefix="py4j.DefaultJavaGateway.java" Intrnl_Id="81">
<LocList>
<Loc EndOffset="2264" SrcFileId="4" StartOffset="2183"/>
</LocList>
</BasicStmnt>
<BasicStmnt CovItemId="S4" CovItemPrefix="py4j.DefaultJavaGateway.java" Intrnl_Id="82">
<LocList>
<Loc EndOffset="2292" SrcFileId="4" StartOffset="2266"/>
</LocList>
</BasicStmnt>
<BasicStmnt CovItemId="S5" CovItemPrefix="py4j.DefaultJavaGateway.java" Intrnl_Id="83">
<LocList>
<Loc EndOffset="2328" SrcFileId="4" StartOffset="2294"/>
</LocList>
</BasicStmnt>
<BasicStmnt CovItemId="S6" CovItemPrefix="py4j.DefaultJavaGateway.java" Intrnl_Id="84">
<LocList>
<Loc EndOffset="2383" SrcFileId="4" StartOffset="2330"/>
</LocList>
</BasicStmnt>
<BasicStmnt CovItemId="S7" CovItemPrefix="py4j.DefaultJavaGateway.java" Intrnl_Id="85">
<LocList>
<Loc EndOffset="2437" SrcFileId="4" StartOffset="2387"/>
</LocList>
</BasicStmnt>
</StmntSeq>
<HierarchyLvl HierarchyLvlId="27" HierarchyLvlTypeId="9" Intrnl_Id="86" Name="getMethodNames">
<Header>
<Loc EndOffset="2529" SrcFileId="4" StartOffset="2440"/>
</Header>
<LocList>
<Loc EndOffset="2780" SrcFileId="4" StartOffset="2440"/>
</LocList>
<StmntSeq Intrnl_Id="87">
<LocList>
<Loc EndOffset="2563" SrcFileId="4" StartOffset="2534"/>
<Loc EndOffset="2604" SrcFileId="4" StartOffset="2566"/>
<Loc EndOffset="2655" SrcFileId="4" StartOffset="2607"/>
<Loc EndOffset="2731" SrcFileId="4" StartOffset="2658"/>
<Loc EndOffset="2777" SrcFileId="4" StartOffset="2735"/>
</LocList>
<BasicStmnt CovItemId="S8" CovItemPrefix="py4j.DefaultJavaGateway.java" Intrnl_Id="88">
<LocList>
<Loc EndOffset="2563" SrcFileId="4" StartOffset="2534"/>
</LocList>
</BasicStmnt>
<BasicStmnt CovItemId="S9" CovItemPrefix="py4j.DefaultJavaGateway.java" Intrnl_Id="89">
<LocList>
<Loc EndOffset="2604" SrcFileId="4" StartOffset="2566"/>
</LocList>
</BasicStmnt>
<BasicStmnt CovItemId="S10" CovItemPrefix="py4j.DefaultJavaGateway.java" Intrnl_Id="90">
<LocList>
<Loc EndOffset="2655" SrcFileId="4" StartOffset="2607"/>
</LocList>
</BasicStmnt>
<LoopStmnt CovItemId="S11" CovItemPrefix="py4j.DefaultJavaGateway.java" Intrnl_Id="91" MltplExecId="L1-2" MltplExecPrefix="py4j.DefaultJavaGateway.java" NvrExecId="L1-0" NvrExecPrefix="py4j.DefaultJavaGateway.java" OnceExecutedId="L1-1" OnceExecutedPrefix="py4j.DefaultJavaGateway.java" OptBodyExec="true">
<StmntSeq Intrnl_Id="92">
<LocList>
<Loc EndOffset="2727" SrcFileId="4" StartOffset="2693"/>
</LocList>
<BasicStmnt CovItemId="S12" CovItemPrefix="py4j.DefaultJavaGateway.java" Intrnl_Id="93">
<LocList>
<Loc EndOffset="2727" SrcFileId="4" StartOffset="2693"/>
</LocList>
</BasicStmnt>
</StmntSeq>
<Keyword EndOffset="2661" SrcFileId="4" StartOffset="2658"/>
<LocList>
<Loc EndOffset="2731" SrcFileId="4" StartOffset="2658"/>
</LocList>
</LoopStmnt>
<BasicStmnt CovItemId="S13" CovItemPrefix="py4j.DefaultJavaGateway.java" Intrnl_Id="94">
<LocList>
<Loc EndOffset="2777" SrcFileId="4" StartOffset="2735"/>
</LocList>
</BasicStmnt>
</StmntSeq>
</HierarchyLvl>
<HierarchyLvl HierarchyLvlId="28" HierarchyLvlTypeId="9" Intrnl_Id="95" Name="getMethodNamesAsString">
<Header>
<Loc EndOffset="2842" SrcFileId="4" StartOffset="2783"/>
</Header>
<LocList>
<Loc EndOffset="3070" SrcFileId="4" StartOffset="2783"/>
</LocList>
<StmntSeq Intrnl_Id="96">
<LocList>
<Loc EndOffset="2894" SrcFileId="4" StartOffset="2847"/>
<Loc EndOffset="2940" SrcFileId="4" StartOffset="2897"/>
<Loc EndOffset="3039" SrcFileId="4" StartOffset="2943"/>
<Loc EndOffset="3067" SrcFileId="4" StartOffset="3042"/>
</LocList>
<BasicStmnt CovItemId="S14" CovItemPrefix="py4j.DefaultJavaGateway.java" Intrnl_Id="97">
<LocList>
<Loc EndOffset="2894" SrcFileId="4" StartOffset="2847"/>
</LocList>
</BasicStmnt>
<BasicStmnt CovItemId="S15" CovItemPrefix="py4j.DefaultJavaGateway.java" Intrnl_Id="98">
<LocList>
<Loc EndOffset="2940" SrcFileId="4" StartOffset="2897"/>
</LocList>
</BasicStmnt>
<LoopStmnt CovItemId="S16" CovItemPrefix="py4j.DefaultJavaGateway.java" Intrnl_Id="99" MltplExecId="L2-2" MltplExecPrefix="py4j.DefaultJavaGateway.java" NvrExecId="L2-0" NvrExecPrefix="py4j.DefaultJavaGateway.java" OnceExecutedId="L2-1" OnceExecutedPrefix="py4j.DefaultJavaGateway.java" OptBodyExec="true">
<StmntSeq Intrnl_Id="100">
<LocList>
<Loc EndOffset="3012" SrcFileId="4" StartOffset="2986"/>
<Loc EndOffset="3035" SrcFileId="4" StartOffset="3016"/>
</LocList>
<BasicStmnt CovItemId="S17" CovItemPrefix="py4j.DefaultJavaGateway.java" Intrnl_Id="101">
<LocList>
<Loc EndOffset="3012" SrcFileId="4" StartOffset="2986"/>
</LocList>
</BasicStmnt>
<BasicStmnt CovItemId="S18" CovItemPrefix="py4j.DefaultJavaGateway.java" Intrnl_Id="102">
<LocList>
<Loc EndOffset="3035" SrcFileId="4" StartOffset="3016"/>
</LocList>
</BasicStmnt>
</StmntSeq>
<Keyword EndOffset="2946" SrcFileId="4" StartOffset="2943"/>
<LocList>
<Loc EndOffset="3039" SrcFileId="4" StartOffset="2943"/>
</LocList>
</LoopStmnt>
<BasicStmnt CovItemId="S19" CovItemPrefix="py4j.DefaultJavaGateway.java" Intrnl_Id="103">
<LocList>
<Loc EndOffset="3067" SrcFileId="4" StartOffset="3042"/>
</LocList>
</BasicStmnt>
</StmntSeq>
</HierarchyLvl>
<HierarchyLvl HierarchyLvlId="29" HierarchyLvlTypeId="9" Intrnl_Id="104" Name="shutdown">
<Header>
<Loc EndOffset="3106" SrcFileId="4" StartOffset="3073"/>
</Header>
<LocList>
<Loc EndOffset="3152" SrcFileId="4" StartOffset="3073"/>
</LocList>
<StmntSeq Intrnl_Id="105">
<LocList>
<Loc EndOffset="3129" SrcFileId="4" StartOffset="3111"/>
<Loc EndOffset="3149" SrcFileId="4" StartOffset="3132"/>
</LocList>
<BasicStmnt CovItemId="S20" CovItemPrefix="py4j.DefaultJavaGateway.java" Intrnl_Id="106">
<LocList>
<Loc EndOffset="3129" SrcFileId="4" StartOffset="3111"/>
</LocList>
</BasicStmnt>
<BasicStmnt CovItemId="S21" CovItemPrefix="py4j.DefaultJavaGateway.java" Intrnl_Id="107">
<LocList>
<Loc EndOffset="3149" SrcFileId="4" StartOffset="3132"/>
</LocList>
</BasicStmnt>
</StmntSeq>
</HierarchyLvl>
<HierarchyLvl HierarchyLvlId="30" HierarchyLvlTypeId="9" Intrnl_Id="108" Name="startup">
<Header>
<Loc EndOffset="3187" SrcFileId="4" StartOffset="3155"/>
</Header>
<LocList>
<Loc EndOffset="3212" SrcFileId="4" StartOffset="3155"/>
</LocList>
<StmntSeq Intrnl_Id="109">
<LocList>
<Loc EndOffset="3209" SrcFileId="4" StartOffset="3192"/>
</LocList>
<BasicStmnt CovItemId="S22" CovItemPrefix="py4j.DefaultJavaGateway.java" Intrnl_Id="110">
<LocList>
<Loc EndOffset="3209" SrcFileId="4" StartOffset="3192"/>
</LocList>
</BasicStmnt>
</StmntSeq>
</HierarchyLvl>
<HierarchyLvl HierarchyLvlId="31" HierarchyLvlTypeId="9" Intrnl_Id="111" Name="getObject">
<Header>
<Loc EndOffset="3267" SrcFileId="4" StartOffset="3216"/>
</Header>
<LocList>
<Loc EndOffset="3305" SrcFileId="4" StartOffset="3216"/>
</LocList>
<StmntSeq Intrnl_Id="112">
<LocList>
<Loc EndOffset="3302" SrcFileId="4" StartOffset="3272"/>
</LocList>
<BasicStmnt CovItemId="S23" CovItemPrefix="py4j.DefaultJavaGateway.java" Intrnl_Id="113">
<LocList>
<Loc EndOffset="3302" SrcFileId="4" StartOffset="3272"/>
</LocList>
</BasicStmnt>
</StmntSeq>
</HierarchyLvl>
<HierarchyLvl HierarchyLvlId="32" HierarchyLvlTypeId="9" Intrnl_Id="114" Name="isStarted">
<Header>
<Loc EndOffset="3334" SrcFileId="4" StartOffset="3308"/>
</Header>
<LocList>
<Loc EndOffset="3359" SrcFileId="4" StartOffset="3308"/>
</LocList>
<StmntSeq Intrnl_Id="115">
<LocList>
<Loc EndOffset="3356" SrcFileId="4" StartOffset="3339"/>
</LocList>
<BasicStmnt CovItemId="S24" CovItemPrefix="py4j.DefaultJavaGateway.java" Intrnl_Id="116">
<LocList>
<Loc EndOffset="3356" SrcFileId="4" StartOffset="3339"/>
</LocList>
</BasicStmnt>
</StmntSeq>
</HierarchyLvl>
<HierarchyLvl HierarchyLvlId="33" HierarchyLvlTypeId="9" Intrnl_Id="117" Name="setStarted">
<Header>
<Loc EndOffset="3403" SrcFileId="4" StartOffset="3362"/>
</Header>
<LocList>
<Loc EndOffset="3438" SrcFileId="4" StartOffset="3362"/>
</LocList>
<StmntSeq Intrnl_Id="118">
<LocList>
<Loc EndOffset="3435" SrcFileId="4" StartOffset="3408"/>
</LocList>
<BasicStmnt CovItemId="S25" CovItemPrefix="py4j.DefaultJavaGateway.java" Intrnl_Id="119">
<LocList>
<Loc EndOffset="3435" SrcFileId="4" StartOffset="3408"/>
</LocList>
</BasicStmnt>
</StmntSeq>
</HierarchyLvl>
<HierarchyLvl HierarchyLvlId="34" HierarchyLvlTypeId="9" Intrnl_Id="120" Name="getNextObjectId">
<Header>
<Loc EndOffset="3475" SrcFileId="4" StartOffset="3441"/>
</Header>
<LocList>
<Loc EndOffset="3523" SrcFileId="4" StartOffset="3441"/>
</LocList>
<StmntSeq Intrnl_Id="121">
<LocList>
<Loc EndOffset="3520" SrcFileId="4" StartOffset="3480"/>
</LocList>
<BasicStmnt CovItemId="S26" CovItemPrefix="py4j.DefaultJavaGateway.java" Intrnl_Id="122">
<LocList>
<Loc EndOffset="3520" SrcFileId="4" StartOffset="3480"/>
</LocList>
</BasicStmnt>
</StmntSeq>
</HierarchyLvl>
<HierarchyLvl HierarchyLvlId="35" HierarchyLvlTypeId="9" Intrnl_Id="123" Name="getCurrentObjectId">
<Header>
<Loc EndOffset="3560" SrcFileId="4" StartOffset="3526"/>
</Header>
<LocList>
<Loc EndOffset="3585" SrcFileId="4" StartOffset="3526"/>
</LocList>
<StmntSeq Intrnl_Id="124">
<LocList>
<Loc EndOffset="3582" SrcFileId="4" StartOffset="3565"/>
</LocList>
<BasicStmnt CovItemId="S27" CovItemPrefix="py4j.DefaultJavaGateway.java" Intrnl_Id="125">
<LocList>
<Loc EndOffset="3582" SrcFileId="4" StartOffset="3565"/>
</LocList>
</BasicStmnt>
</StmntSeq>
</HierarchyLvl>
<HierarchyLvl HierarchyLvlId="36" HierarchyLvlTypeId="9" Intrnl_Id="126" Name="putNewObject">
<Header>
<Loc EndOffset="3632" SrcFileId="4" StartOffset="3588"/>
</Header>
<LocList>
<Loc EndOffset="3711" SrcFileId="4" StartOffset="3588"/>
</LocList>
<StmntSeq Intrnl_Id="127">
<LocList>
<Loc EndOffset="3667" SrcFileId="4" StartOffset="3637"/>
<Loc EndOffset="3695" SrcFileId="4" StartOffset="3670"/>
<Loc EndOffset="3708" SrcFileId="4" StartOffset="3698"/>
</LocList>
<BasicStmnt CovItemId="S28" CovItemPrefix="py4j.DefaultJavaGateway.java" Intrnl_Id="128">
<LocList>
<Loc EndOffset="3667" SrcFileId="4" StartOffset="3637"/>
</LocList>
</BasicStmnt>
<BasicStmnt CovItemId="S29" CovItemPrefix="py4j.DefaultJavaGateway.java" Intrnl_Id="129">
<LocList>
<Loc EndOffset="3695" SrcFileId="4" StartOffset="3670"/>
</LocList>
</BasicStmnt>
<BasicStmnt CovItemId="S30" CovItemPrefix="py4j.DefaultJavaGateway.java" Intrnl_Id="130">
<LocList>
<Loc EndOffset="3708" SrcFileId="4" StartOffset="3698"/>
</LocList>
</BasicStmnt>
</StmntSeq>
</HierarchyLvl>
<HierarchyLvl HierarchyLvlId="37" HierarchyLvlTypeId="9" Intrnl_Id="131" Name="getBindings">
<Header>
<Loc EndOffset="3746" SrcFileId="4" StartOffset="3714"/>
</Header>
<LocList>
<Loc EndOffset="3770" SrcFileId="4" StartOffset="3714"/>
</LocList>
<StmntSeq Intrnl_Id="132">
<LocList>
<Loc EndOffset="3767" SrcFileId="4" StartOffset="3751"/>
</LocList>
<BasicStmnt CovItemId="S31" CovItemPrefix="py4j.DefaultJavaGateway.java" Intrnl_Id="133">
<LocList>
<Loc EndOffset="3767" SrcFileId="4" StartOffset="3751"/>
</LocList>
</BasicStmnt>
</StmntSeq>
</HierarchyLvl>
<HierarchyLvl HierarchyLvlId="38" HierarchyLvlTypeId="9" Intrnl_Id="134" Name="invoke">
<Header>
<Loc EndOffset="3868" SrcFileId="4" StartOffset="3773"/>
</Header>
<LocList>
<Loc EndOffset="4624" SrcFileId="4" StartOffset="3773"/>
</LocList>
<StmntSeq Intrnl_Id="135">
<LocList>
<Loc EndOffset="3933" SrcFileId="4" StartOffset="3873"/>
<Loc EndOffset="3983" SrcFileId="4" StartOffset="3936"/>
<Loc EndOffset="4037" SrcFileId="4" StartOffset="3986"/>
<Loc EndOffset="4096" SrcFileId="4" StartOffset="4049"/>
<Loc EndOffset="4134" SrcFileId="4" StartOffset="4100"/>
<Loc EndOffset="4161" SrcFileId="4" StartOffset="4138"/>
<Loc EndOffset="4195" SrcFileId="4" StartOffset="4165"/>
<Loc EndOffset="4246" SrcFileId="4" StartOffset="4199"/>
<Loc EndOffset="4273" SrcFileId="4" StartOffset="4250"/>
<Loc EndOffset="4333" SrcFileId="4" StartOffset="4280"/>
<Loc EndOffset="4491" SrcFileId="4" StartOffset="4337"/>
<Loc EndOffset="4552" SrcFileId="4" StartOffset="4040"/>
<Loc EndOffset="4593" SrcFileId="4" StartOffset="4566"/>
<Loc EndOffset="4621" SrcFileId="4" StartOffset="4601"/>
</LocList>
<CondStmnt CovItemId="S32" CovItemPrefix="py4j.DefaultJavaGateway.java" Intrnl_Id="136">
<Branch CovItemId="B1" CovItemPrefix="py4j.DefaultJavaGateway.java" Implct="false" Intrnl_Id="137">
<Cond/>
<LocList>
<Loc EndOffset="3933" SrcFileId="4" StartOffset="3891"/>
</LocList>
<StmntSeq Intrnl_Id="138">
<LocList>
<Loc EndOffset="3929" SrcFileId="4" StartOffset="3896"/>
</LocList>
<BasicStmnt CovItemId="S33" CovItemPrefix="py4j.DefaultJavaGateway.java" Intrnl_Id="139">
<LocList>
<Loc EndOffset="3929" SrcFileId="4" StartOffset="3896"/>
</LocList>
</BasicStmnt>
</StmntSeq>
</Branch>
<Branch CovItemId="B2" CovItemPrefix="py4j.DefaultJavaGateway.java" Implct="true" Intrnl_Id="140">
<Cond/>
<LocList/>
<StmntSeq Intrnl_Id="141">
<LocList/>
</StmntSeq>
</Branch>
<Keyword EndOffset="3875" SrcFileId="4" StartOffset="3873"/>
<LocList>
<Loc EndOffset="3933" SrcFileId="4" StartOffset="3873"/>
</LocList>
</CondStmnt>
<BasicStmnt CovItemId="S34" CovItemPrefix="py4j.DefaultJavaGateway.java" Intrnl_Id="142">
<LocList>
<Loc EndOffset="3983" SrcFileId="4" StartOffset="3936"/>
</LocList>
</BasicStmnt>
<BasicStmnt CovItemId="S35" CovItemPrefix="py4j.DefaultJavaGateway.java" Intrnl_Id="143">
<LocList>
<Loc EndOffset="4037" SrcFileId="4" StartOffset="3986"/>
</LocList>
</BasicStmnt>
<BasicStmnt CovItemId="S37" CovItemPrefix="py4j.DefaultJavaGateway.java" Intrnl_Id="144">
<LocList>
<Loc EndOffset="4096" SrcFileId="4" StartOffset="4049"/>
</LocList>
</BasicStmnt>
<BasicStmnt CovItemId="S38" CovItemPrefix="py4j.DefaultJavaGateway.java" Intrnl_Id="145">
<LocList>
<Loc EndOffset="4134" SrcFileId="4" StartOffset="4100"/>
</LocList>
</BasicStmnt>
<BasicStmnt CovItemId="S39" CovItemPrefix="py4j.DefaultJavaGateway.java" Intrnl_Id="146">
<LocList>
<Loc EndOffset="4161" SrcFileId="4" StartOffset="4138"/>
</LocList>
</BasicStmnt>
<BasicStmnt CovItemId="S40" CovItemPrefix="py4j.DefaultJavaGateway.java" Intrnl_Id="147">
<LocList>
<Loc EndOffset="4195" SrcFileId="4" StartOffset="4165"/>
</LocList>
</BasicStmnt>
<BasicStmnt CovItemId="S41" CovItemPrefix="py4j.DefaultJavaGateway.java" Intrnl_Id="148">
<LocList>
<Loc EndOffset="4246" SrcFileId="4" StartOffset="4199"/>
</LocList>
</BasicStmnt>
<BasicStmnt CovItemId="S42" CovItemPrefix="py4j.DefaultJavaGateway.java" Intrnl_Id="149">
<LocList>
<Loc EndOffset="4273" SrcFileId="4" StartOffset="4250"/>
</LocList>
</BasicStmnt>
<BasicStmnt CovItemId="S43" CovItemPrefix="py4j.DefaultJavaGateway.java" Intrnl_Id="150">
<LocList>
<Loc EndOffset="4333" SrcFileId="4" StartOffset="4280"/>
</LocList>
</BasicStmnt>
<CondStmnt CovItemId="S44" CovItemPrefix="py4j.DefaultJavaGateway.java" Intrnl_Id="151">
<Branch CovItemId="B4" CovItemPrefix="py4j.DefaultJavaGateway.java" Implct="false" Intrnl_Id="152">
<Cond/>
<LocList>
<Loc EndOffset="4491" SrcFileId="4" StartOffset="4357"/>
</LocList>
<StmntSeq Intrnl_Id="153">
<LocList>
<Loc EndOffset="4402" SrcFileId="4" StartOffset="4363"/>
<Loc EndOffset="4486" SrcFileId="4" StartOffset="4444"/>
</LocList>
<BasicStmnt CovItemId="S45" CovItemPrefix="py4j.DefaultJavaGateway.java" Intrnl_Id="154">
<LocList>
<Loc EndOffset="4402" SrcFileId="4" StartOffset="4363"/>
</LocList>
</BasicStmnt>
<BasicStmnt CovItemId="S46" CovItemPrefix="py4j.DefaultJavaGateway.java" Intrnl_Id="155">
<LocList>
<Loc EndOffset="4486" SrcFileId="4" StartOffset="4444"/>
</LocList>
</BasicStmnt>
</StmntSeq>
</Branch>
<Branch CovItemId="B5" CovItemPrefix="py4j.DefaultJavaGateway.java" Implct="true" Intrnl_Id="156">
<Cond/>
<LocList/>
<StmntSeq Intrnl_Id="157">
<LocList/>
</StmntSeq>
</Branch>
<Keyword EndOffset="4339" SrcFileId="4" StartOffset="4337"/>
<LocList>
<Loc EndOffset="4491" SrcFileId="4" StartOffset="4337"/>
</LocList>
</CondStmnt>
<CondStmnt CovItemId="S36" CovItemPrefix="py4j.DefaultJavaGateway.java" Intrnl_Id="158">
<Branch CovItemId="B3" CovItemPrefix="py4j.DefaultJavaGateway.java" Implct="true" Intrnl_Id="159">
<Cond/>
<LocList/>
<StmntSeq Intrnl_Id="160">
<LocList/>
</StmntSeq>
</Branch>
<Branch CovItemId="B6" CovItemPrefix="py4j.DefaultJavaGateway.java" Implct="false" Intrnl_Id="161">
<Cond>
<Loc EndOffset="4515" SrcFileId="4" StartOffset="4496"/>
</Cond>
<LocList>
<Loc EndOffset="4552" SrcFileId="4" StartOffset="4516"/>
</LocList>
<StmntSeq Intrnl_Id="162">
<LocList>
<Loc EndOffset="4548" SrcFileId="4" StartOffset="4521"/>
</LocList>
<BasicStmnt CovItemId="S47" CovItemPrefix="py4j.DefaultJavaGateway.java" Intrnl_Id="163">
<LocList>
<Loc EndOffset="4548" SrcFileId="4" StartOffset="4521"/>
</LocList>
</BasicStmnt>
</StmntSeq>
</Branch>
<Keyword EndOffset="4043" SrcFileId="4" StartOffset="4040"/>
<LocList>
<Loc EndOffset="4552" SrcFileId="4" StartOffset="4040"/>
</LocList>
</CondStmnt>
<BasicStmnt CovItemId="S48" CovItemPrefix="py4j.DefaultJavaGateway.java" Intrnl_Id="164">
<LocList>
<Loc EndOffset="4593" SrcFileId="4" StartOffset="4566"/>
</LocList>
</BasicStmnt>
<BasicStmnt CovItemId="S49" CovItemPrefix="py4j.DefaultJavaGateway.java" Intrnl_Id="165">
<LocList>
<Loc EndOffset="4621" SrcFileId="4" StartOffset="4601"/>
</LocList>
</BasicStmnt>
</StmntSeq>
</HierarchyLvl>
<HierarchyLvl HierarchyLvlId="39" HierarchyLvlTypeId="9" Intrnl_Id="166" Name="cleanTempArgs">
<Header>
<Loc EndOffset="4679" SrcFileId="4" StartOffset="4627"/>
</Header>
<LocList>
<Loc EndOffset="4752" SrcFileId="4" StartOffset="4627"/>
</LocList>
<StmntSeq Intrnl_Id="167">
<LocList>
<Loc EndOffset="4749" SrcFileId="4" StartOffset="4684"/>
</LocList>
<LoopStmnt CovItemId="S50" CovItemPrefix="py4j.DefaultJavaGateway.java" Intrnl_Id="168" MltplExecId="L3-2" MltplExecPrefix="py4j.DefaultJavaGateway.java" NvrExecId="L3-0" NvrExecPrefix="py4j.DefaultJavaGateway.java" OnceExecutedId="L3-1" OnceExecutedPrefix="py4j.DefaultJavaGateway.java" OptBodyExec="true">
<StmntSeq Intrnl_Id="169">
<LocList>
<Loc EndOffset="4745" SrcFileId="4" StartOffset="4722"/>
</LocList>
<BasicStmnt CovItemId="S51" CovItemPrefix="py4j.DefaultJavaGateway.java" Intrnl_Id="170">
<LocList>
<Loc EndOffset="4745" SrcFileId="4" StartOffset="4722"/>
</LocList>
</BasicStmnt>
</StmntSeq>
<Keyword EndOffset="4687" SrcFileId="4" StartOffset="4684"/>
<LocList>
<Loc EndOffset="4749" SrcFileId="4" StartOffset="4684"/>
</LocList>
</LoopStmnt>
</StmntSeq>
</HierarchyLvl>
<HierarchyLvl HierarchyLvlId="40" HierarchyLvlTypeId="9" Intrnl_Id="171" Name="buildArgs">
<Header>
<Loc EndOffset="4827" SrcFileId="4" StartOffset="4756"/>
</Header>
<LocList>
<Loc EndOffset="5349" SrcFileId="4" StartOffset="4756"/>
</LocList>
<StmntSeq Intrnl_Id="172">
<LocList>
<Loc EndOffset="4879" SrcFileId="4" StartOffset="4832"/>
<Loc EndOffset="4905" SrcFileId="4" StartOffset="4882"/>
<Loc EndOffset="4918" SrcFileId="4" StartOffset="4908"/>
<Loc EndOffset="5288" SrcFileId="4" StartOffset="4921"/>
<Loc EndOffset="5314" SrcFileId="4" StartOffset="5291"/>
<Loc EndOffset="5346" SrcFileId="4" StartOffset="5317"/>
</LocList>
<BasicStmnt CovItemId="S52" CovItemPrefix="py4j.DefaultJavaGateway.java" Intrnl_Id="173">
<LocList>
<Loc EndOffset="4879" SrcFileId="4" StartOffset="4832"/>
</LocList>
</BasicStmnt>
<BasicStmnt CovItemId="S53" CovItemPrefix="py4j.DefaultJavaGateway.java" Intrnl_Id="174">
<LocList>
<Loc EndOffset="4905" SrcFileId="4" StartOffset="4882"/>
</LocList>
</BasicStmnt>
<BasicStmnt CovItemId="S54" CovItemPrefix="py4j.DefaultJavaGateway.java" Intrnl_Id="175">
<LocList>
<Loc EndOffset="4918" SrcFileId="4" StartOffset="4908"/>
</LocList>
</BasicStmnt>
<LoopStmnt CovItemId="S55" CovItemPrefix="py4j.DefaultJavaGateway.java" Intrnl_Id="176" MltplExecId="L4-2" MltplExecPrefix="py4j.DefaultJavaGateway.java" NvrExecId="L4-0" NvrExecPrefix="py4j.DefaultJavaGateway.java" OnceExecutedId="L4-1" OnceExecutedPrefix="py4j.DefaultJavaGateway.java" OptBodyExec="true">
<StmntSeq Intrnl_Id="177">
<LocList>
<Loc EndOffset="4998" SrcFileId="4" StartOffset="4952"/>
<Loc EndOffset="5053" SrcFileId="4" StartOffset="5006"/>
<Loc EndOffset="5237" SrcFileId="4" StartOffset="5057"/>
<Loc EndOffset="5276" SrcFileId="4" StartOffset="5245"/>
<Loc EndOffset="5284" SrcFileId="4" StartOffset="5280"/>
</LocList>
<CondStmnt CovItemId="S56" CovItemPrefix="py4j.DefaultJavaGateway.java" Intrnl_Id="178">
<Branch CovItemId="B7" CovItemPrefix="py4j.DefaultJavaGateway.java" Implct="false" Intrnl_Id="179">
<Cond/>
<LocList>
<Loc EndOffset="4998" SrcFileId="4" StartOffset="4964"/>
</LocList>
<StmntSeq Intrnl_Id="180">
<LocList>
<Loc EndOffset="4993" SrcFileId="4" StartOffset="4970"/>
</LocList>
<BasicStmnt CovItemId="S57" CovItemPrefix="py4j.DefaultJavaGateway.java" Intrnl_Id="181">
<LocList>
<Loc EndOffset="4993" SrcFileId="4" StartOffset="4970"/>
</LocList>
</BasicStmnt>
</StmntSeq>
</Branch>
<Branch CovItemId="B8" CovItemPrefix="py4j.DefaultJavaGateway.java" Implct="true" Intrnl_Id="182">
<Cond/>
<LocList/>
<StmntSeq Intrnl_Id="183">
<LocList/>
</StmntSeq>
</Branch>
<Keyword EndOffset="4954" SrcFileId="4" StartOffset="4952"/>
<LocList>
<Loc EndOffset="4998" SrcFileId="4" StartOffset="4952"/>
</LocList>
</CondStmnt>
<BasicStmnt CovItemId="S58" CovItemPrefix="py4j.DefaultJavaGateway.java" Intrnl_Id="184">
<LocList>
<Loc EndOffset="5053" SrcFileId="4" StartOffset="5006"/>
</LocList>
</BasicStmnt>
<CondStmnt CovItemId="S59" CovItemPrefix="py4j.DefaultJavaGateway.java" Intrnl_Id="185">
<Branch CovItemId="B9" CovItemPrefix="py4j.DefaultJavaGateway.java" Implct="false" Intrnl_Id="186">
<Cond/>
<LocList>
<Loc EndOffset="5237" SrcFileId="4" StartOffset="5081"/>
</LocList>
<StmntSeq Intrnl_Id="187">
<LocList>
<Loc EndOffset="5126" SrcFileId="4" StartOffset="5087"/>
<Loc EndOffset="5171" SrcFileId="4" StartOffset="5131"/>
<Loc EndOffset="5203" SrcFileId="4" StartOffset="5176"/>
<Loc EndOffset="5232" SrcFileId="4" StartOffset="5208"/>
</LocList>
<BasicStmnt CovItemId="S60" CovItemPrefix="py4j.DefaultJavaGateway.java" Intrnl_Id="188">
<LocList>
<Loc EndOffset="5126" SrcFileId="4" StartOffset="5087"/>
</LocList>
</BasicStmnt>
<BasicStmnt CovItemId="S61" CovItemPrefix="py4j.DefaultJavaGateway.java" Intrnl_Id="189">
<LocList>
<Loc EndOffset="5171" SrcFileId="4" StartOffset="5131"/>
</LocList>
</BasicStmnt>
<BasicStmnt CovItemId="S62" CovItemPrefix="py4j.DefaultJavaGateway.java" Intrnl_Id="190">
<LocList>
<Loc EndOffset="5203" SrcFileId="4" StartOffset="5176"/>
</LocList>
</BasicStmnt>
<BasicStmnt CovItemId="S63" CovItemPrefix="py4j.DefaultJavaGateway.java" Intrnl_Id="191">
<LocList>
<Loc EndOffset="5232" SrcFileId="4" StartOffset="5208"/>
</LocList>
</BasicStmnt>
</StmntSeq>
</Branch>
<Branch CovItemId="B10" CovItemPrefix="py4j.DefaultJavaGateway.java" Implct="true" Intrnl_Id="192">
<Cond/>
<LocList/>
<StmntSeq Intrnl_Id="193">
<LocList/>
</StmntSeq>
</Branch>
<Keyword EndOffset="5059" SrcFileId="4" StartOffset="5057"/>
<LocList>
<Loc EndOffset="5237" SrcFileId="4" StartOffset="5057"/>
</LocList>
</CondStmnt>
<BasicStmnt CovItemId="S64" CovItemPrefix="py4j.DefaultJavaGateway.java" Intrnl_Id="194">
<LocList>
<Loc EndOffset="5276" SrcFileId="4" StartOffset="5245"/>
</LocList>
</BasicStmnt>
<BasicStmnt CovItemId="S65" CovItemPrefix="py4j.DefaultJavaGateway.java" Intrnl_Id="195">
<LocList>
<Loc EndOffset="5284" SrcFileId="4" StartOffset="5280"/>
</LocList>
</BasicStmnt>
</StmntSeq>
<Keyword EndOffset="4924" SrcFileId="4" StartOffset="4921"/>
<LocList>
<Loc EndOffset="5288" SrcFileId="4" StartOffset="4921"/>
</LocList>
</LoopStmnt>
<BasicStmnt CovItemId="S66" CovItemPrefix="py4j.DefaultJavaGateway.java" Intrnl_Id="196">
<LocList>
<Loc EndOffset="5314" SrcFileId="4" StartOffset="5291"/>
</LocList>
</BasicStmnt>
<BasicStmnt CovItemId="S67" CovItemPrefix="py4j.DefaultJavaGateway.java" Intrnl_Id="197">
<LocList>
<Loc EndOffset="5346" SrcFileId="4" StartOffset="5317"/>
</LocList>
</BasicStmnt>
</StmntSeq>
</HierarchyLvl>
</HierarchyLvl>
<HierarchyLvl HierarchyLvlId="48" HierarchyLvlTypeId="8" Intrnl_Id="198" Name="Argument">
<Header>
<Loc EndOffset="36" SrcFileId="5" StartOffset="15"/>
</Header>
<LocList>
<Loc EndOffset="509" SrcFileId="5" StartOffset="15"/>
</LocList>
<HierarchyLvl HierarchyLvlId="42" HierarchyLvlTypeId="9" Intrnl_Id="199" Name="Argument">
<Header>
<Loc EndOffset="113" SrcFileId="5" StartOffset="96"/>
</Header>
<LocList>
<Loc EndOffset="118" SrcFileId="5" StartOffset="96"/>
</LocList>
</HierarchyLvl>
<HierarchyLvl HierarchyLvlId="43" HierarchyLvlTypeId="9" Intrnl_Id="200" Name="Argument">
<Header>
<Loc EndOffset="172" SrcFileId="5" StartOffset="122"/>
</Header>
<LocList>
<Loc EndOffset="244" SrcFileId="5" StartOffset="122"/>
</LocList>
<StmntSeq Intrnl_Id="201">
<LocList>
<Loc EndOffset="185" SrcFileId="5" StartOffset="177"/>
<Loc EndOffset="207" SrcFileId="5" StartOffset="188"/>
<Loc EndOffset="241" SrcFileId="5" StartOffset="210"/>
</LocList>
<BasicStmnt CovItemId="S1" CovItemPrefix="py4j.Argument.java" Intrnl_Id="202">
<LocList>
<Loc EndOffset="185" SrcFileId="5" StartOffset="177"/>
</LocList>
</BasicStmnt>
<BasicStmnt CovItemId="S2" CovItemPrefix="py4j.Argument.java" Intrnl_Id="203">
<LocList>
<Loc EndOffset="207" SrcFileId="5" StartOffset="188"/>
</LocList>
</BasicStmnt>
<BasicStmnt CovItemId="S3" CovItemPrefix="py4j.Argument.java" Intrnl_Id="204">
<LocList>
<Loc EndOffset="241" SrcFileId="5" StartOffset="210"/>
</LocList>
</BasicStmnt>
</StmntSeq>
</HierarchyLvl>
<HierarchyLvl HierarchyLvlId="44" HierarchyLvlTypeId="9" Intrnl_Id="205" Name="getValue">
<Header>
<Loc EndOffset="271" SrcFileId="5" StartOffset="247"/>
</Header>
<LocList>
<Loc EndOffset="292" SrcFileId="5" StartOffset="247"/>
</LocList>
<StmntSeq Intrnl_Id="206">
<LocList>
<Loc EndOffset="289" SrcFileId="5" StartOffset="276"/>
</LocList>
<BasicStmnt CovItemId="S4" CovItemPrefix="py4j.Argument.java" Intrnl_Id="207">
<LocList>
<Loc EndOffset="289" SrcFileId="5" StartOffset="276"/>
</LocList>
</BasicStmnt>
</StmntSeq>
</HierarchyLvl>
<HierarchyLvl HierarchyLvlId="45" HierarchyLvlTypeId="9" Intrnl_Id="208" Name="setValue">
<Header>
<Loc EndOffset="329" SrcFileId="5" StartOffset="295"/>
</Header>
<LocList>
<Loc EndOffset="356" SrcFileId="5" StartOffset="295"/>
</LocList>
<StmntSeq Intrnl_Id="209">
<LocList>
<Loc EndOffset="353" SrcFileId="5" StartOffset="334"/>
</LocList>
<BasicStmnt CovItemId="S5" CovItemPrefix="py4j.Argument.java" Intrnl_Id="210">
<LocList>
<Loc EndOffset="353" SrcFileId="5" StartOffset="334"/>
</LocList>
</BasicStmnt>
</StmntSeq>
</HierarchyLvl>
<HierarchyLvl HierarchyLvlId="46" HierarchyLvlTypeId="9" Intrnl_Id="211" Name="isReference">
<Header>
<Loc EndOffset="387" SrcFileId="5" StartOffset="359"/>
</Header>
<LocList>
<Loc EndOffset="414" SrcFileId="5" StartOffset="359"/>
</LocList>
<StmntSeq Intrnl_Id="212">
<LocList>
<Loc EndOffset="411" SrcFileId="5" StartOffset="392"/>
</LocList>
<BasicStmnt CovItemId="S6" CovItemPrefix="py4j.Argument.java" Intrnl_Id="213">
<LocList>
<Loc EndOffset="411" SrcFileId="5" StartOffset="392"/>
</LocList>
</BasicStmnt>
</StmntSeq>
</HierarchyLvl>
<HierarchyLvl HierarchyLvlId="47" HierarchyLvlTypeId="9" Intrnl_Id="214" Name="setReference">
<Header>
<Loc EndOffset="462" SrcFileId="5" StartOffset="417"/>
</Header>
<LocList>
<Loc EndOffset="501" SrcFileId="5" StartOffset="417"/>
</LocList>
<StmntSeq Intrnl_Id="215">
<LocList>
<Loc EndOffset="498" SrcFileId="5" StartOffset="467"/>
</LocList>
<BasicStmnt CovItemId="S7" CovItemPrefix="py4j.Argument.java" Intrnl_Id="216">
<LocList>
<Loc EndOffset="498" SrcFileId="5" StartOffset="467"/>
</LocList>
</BasicStmnt>
</StmntSeq>
</HierarchyLvl>
</HierarchyLvl>
<HierarchyLvl HierarchyLvlId="50" HierarchyLvlTypeId="8" Intrnl_Id="217" Name="Application">
<Header>
<Loc EndOffset="1719" SrcFileId="6" StartOffset="1695"/>
</Header>
<LocList>
<Loc EndOffset="2136" SrcFileId="6" StartOffset="1695"/>
</LocList>
<HierarchyLvl HierarchyLvlId="49" HierarchyLvlTypeId="9" Intrnl_Id="218" Name="main">
<Header>
<Loc EndOffset="1788" SrcFileId="6" StartOffset="1750"/>
</Header>
<LocList>
<Loc EndOffset="2133" SrcFileId="6" StartOffset="1750"/>
</LocList>
<StmntSeq Intrnl_Id="219">
<LocList>
<Loc EndOffset="1845" SrcFileId="6" StartOffset="1793"/>
<Loc EndOffset="1906" SrcFileId="6" StartOffset="1848"/>
<Loc EndOffset="1958" SrcFileId="6" StartOffset="1918"/>
<Loc EndOffset="2020" SrcFileId="6" StartOffset="1909"/>
<Loc EndOffset="2130" SrcFileId="6" StartOffset="2024"/>
</LocList>
<BasicStmnt CovItemId="S1" CovItemPrefix="py4j.Application.java" Intrnl_Id="220">
<LocList>
<Loc EndOffset="1845" SrcFileId="6" StartOffset="1793"/>
</LocList>
</BasicStmnt>
<BasicStmnt CovItemId="S2" CovItemPrefix="py4j.Application.java" Intrnl_Id="221">
<LocList>
<Loc EndOffset="1906" SrcFileId="6" StartOffset="1848"/>
</LocList>
</BasicStmnt>
<BasicStmnt CovItemId="S4" CovItemPrefix="py4j.Application.java" Intrnl_Id="222">
<LocList>
<Loc EndOffset="1958" SrcFileId="6" StartOffset="1918"/>
</LocList>
</BasicStmnt>
<CondStmnt CovItemId="S3" CovItemPrefix="py4j.Application.java" Intrnl_Id="223">
<Branch CovItemId="B1" CovItemPrefix="py4j.Application.java" Implct="true" Intrnl_Id="224">
<Cond/>
<LocList/>
<StmntSeq Intrnl_Id="225">
<LocList/>
</StmntSeq>
</Branch>
<Branch CovItemId="B2" CovItemPrefix="py4j.Application.java" Implct="false" Intrnl_Id="226">
<Cond>
<Loc EndOffset="1989" SrcFileId="6" StartOffset="1963"/>
</Cond>
<LocList>
<Loc EndOffset="2020" SrcFileId="6" StartOffset="1990"/>
</LocList>
<StmntSeq Intrnl_Id="227">
<LocList>
<Loc EndOffset="2016" SrcFileId="6" StartOffset="1995"/>
</LocList>
<BasicStmnt CovItemId="S5" CovItemPrefix="py4j.Application.java" Intrnl_Id="228">
<LocList>
<Loc EndOffset="2016" SrcFileId="6" StartOffset="1995"/>
</LocList>
</BasicStmnt>
</StmntSeq>
</Branch>
<Keyword EndOffset="1912" SrcFileId="6" StartOffset="1909"/>
<LocList>
<Loc EndOffset="2020" SrcFileId="6" StartOffset="1909"/>
</LocList>
</CondStmnt>
<LoopStmnt CovItemId="S6" CovItemPrefix="py4j.Application.java" Intrnl_Id="229" MltplExecId="L1-2" MltplExecPrefix="py4j.Application.java" NvrExecId="L1-0" NvrExecPrefix="py4j.Application.java" OnceExecutedId="L1-1" OnceExecutedPrefix="py4j.Application.java" OptBodyExec="true">
<StmntSeq Intrnl_Id="230">
<LocList>
<Loc EndOffset="2126" SrcFileId="6" StartOffset="2086"/>
</LocList>
<BasicStmnt CovItemId="S7" CovItemPrefix="py4j.Application.java" Intrnl_Id="231">
<LocList>
<Loc EndOffset="2126" SrcFileId="6" StartOffset="2086"/>
</LocList>
</BasicStmnt>
</StmntSeq>
<Keyword EndOffset="2027" SrcFileId="6" StartOffset="2024"/>
<LocList>
<Loc EndOffset="2130" SrcFileId="6" StartOffset="2024"/>
</LocList>
</LoopStmnt>
</StmntSeq>
</HierarchyLvl>
</HierarchyLvl>
</HierarchyLvl>
</HierarchyLvl>
</MASTRoot>
</TestSessionContainer>
